<?xml version="1.0" encoding="UTF-8"?>
<!-- Generated by org.testng.reporters.JUnitXMLReporter -->
<testsuite ignored="12" hostname="WBOX62" failures="0" tests="2" name="Test-6" time="20.556" errors="0" timestamp="2024-07-12T10:10:59 IST">
  <testcase classname="SSIAgroworlds.TraderPage" name="traderlogin" time="2.046"/>
  <testcase classname="SSIAgroworlds.TraderPage" name="claimSettlement" time="16.567"/>
  <testcase classname="SSIAgroworlds.TraderPage" name="sendReviewTrade" time="0.0">
    <ignored/>
  </testcase> <!-- sendReviewTrade -->
  <testcase classname="SSIAgroworlds.TraderPage" name="shipmentDetails" time="0.0">
    <ignored/>
  </testcase> <!-- shipmentDetails -->
  <testcase classname="SSIAgroworlds.TraderPage" name="homepage" time="0.0">
    <ignored/>
  </testcase> <!-- homepage -->
  <testcase classname="SSIAgroworlds.TraderPage" name="cancellationUnderTradereview" time="0.0">
    <ignored/>
  </testcase> <!-- cancellationUnderTradereview -->
  <testcase classname="SSIAgroworlds.TraderPage" name="buyerDetails" time="0.0">
    <ignored/>
  </testcase> <!-- buyerDetails -->
  <testcase classname="SSIAgroworlds.TraderPage" name="tradehomepage" time="0.0">
    <ignored/>
  </testcase> <!-- tradehomepage -->
  <testcase classname="SSIAgroworlds.TraderPage" name="TradeDetails" time="0.0">
    <ignored/>
  </testcase> <!-- TradeDetails -->
  <testcase classname="SSIAgroworlds.TraderPage" name="AddendumDeatailsFilled" time="0.0">
    <ignored/>
  </testcase> <!-- AddendumDeatailsFilled -->
  <testcase classname="SSIAgroworlds.TraderPage" name="CreateAddendum" time="0.0">
    <ignored/>
  </testcase> <!-- CreateAddendum -->
  <testcase classname="SSIAgroworlds.TraderPage" name="productDetails" time="0.0">
    <ignored/>
  </testcase> <!-- productDetails -->
  <testcase classname="SSIAgroworlds.TraderPage" name="raiseClaim" time="0.0">
    <ignored/>
  </testcase> <!-- raiseClaim -->
  <testcase classname="SSIAgroworlds.TraderPage" name="sellerDetails" time="0.0">
    <ignored/>
  </testcase> <!-- sellerDetails -->
</testsuite> <!-- Test-6 -->
