<?xml version="1.0" encoding="UTF-8"?>
<!-- Generated by org.testng.reporters.JUnitXMLReporter -->
<testsuite ignored="5" hostname="WBOX62" failures="0" tests="2" name="Test-4" time="24.193" errors="0" timestamp="2024-07-12T10:09:48 IST">
  <testcase classname="SSIAgroworlds.DocumentExecutivePage" name="DocExecutivelogin" time="5.216"/>
  <testcase classname="SSIAgroworlds.DocumentExecutivePage" name="underClaim" time="16.856"/>
  <testcase classname="SSIAgroworlds.DocumentExecutivePage" name="defineStageApprove" time="0.0">
    <ignored/>
  </testcase> <!-- defineStageApprove -->
  <testcase classname="SSIAgroworlds.DocumentExecutivePage" name="generateContract" time="0.0">
    <ignored/>
  </testcase> <!-- generateContract -->
  <testcase classname="SSIAgroworlds.DocumentExecutivePage" name="tCdOCUMNET" time="0.0">
    <ignored/>
  </testcase> <!-- tCdOCUMNET -->
  <testcase classname="SSIAgroworlds.DocumentExecutivePage" name="contractRegistration" time="0.0">
    <ignored/>
  </testcase> <!-- contractRegistration -->
  <testcase classname="SSIAgroworlds.DocumentExecutivePage" name="raiseCancellation" time="0.0">
    <ignored/>
  </testcase> <!-- raiseCancellation -->
</testsuite> <!-- Test-4 -->
