<?xml version="1.0" encoding="UTF-8"?>
<!-- Generated by org.testng.reporters.JUnitXMLReporter -->
<testsuite ignored="19" hostname="WBOX62" failures="0" tests="4" name="Test-1" time="25.247" errors="0" timestamp="2024-08-05T18:02:33 IST">
  <testcase classname="SSIAgroworlds.TraderPage" name="traderlogin" time="5.992"/>
  <testcase classname="SSIAgroworlds.TraderPage" name="homepage" time="8.374"/>
  <testcase classname="SSIAgroworlds.TraderPage" name="TradeDetails" time="1.346"/>
  <testcase classname="SSIAgroworlds.TraderPage" name="shipmentDetails" time="1.45"/>
  <testcase classname="SSIAgroworlds.TraderPage" name="CreateAddendum" time="0.0">
    <ignored/>
  </testcase> <!-- CreateAddendum -->
  <testcase classname="SSIAgroworlds.DocumentIRMPage" name="contractExecution" time="0.0">
    <ignored/>
  </testcase> <!-- contractExecution -->
  <testcase classname="SSIAgroworlds.TraderPage" name="raiseClaim" time="0.0">
    <ignored/>
  </testcase> <!-- raiseClaim -->
  <testcase classname="SSIAgroworlds.DocumentIRMPage" name="reviewClaim" time="0.0">
    <ignored/>
  </testcase> <!-- reviewClaim -->
  <testcase classname="SSIAgroworlds.TraderPage" name="cancellationUnderTradereview" time="0.0">
    <ignored/>
  </testcase> <!-- cancellationUnderTradereview -->
  <testcase classname="SSIAgroworlds.DocumentIRMPage" name="approvalAccept" time="0.0">
    <ignored/>
  </testcase> <!-- approvalAccept -->
  <testcase classname="SSIAgroworlds.ProcurementIRMPage" name="cancellationUnderProcurmentIRM" time="0.0">
    <ignored/>
  </testcase> <!-- cancellationUnderProcurmentIRM -->
  <testcase classname="SSIAgroworlds.TraderPage" name="AddendumDeatailsFilled" time="0.0">
    <ignored/>
  </testcase> <!-- AddendumDeatailsFilled -->
  <testcase classname="SSIAgroworlds.DocumentExecutivePage" name="raiseCancellation" time="0.0">
    <ignored/>
  </testcase> <!-- raiseCancellation -->
  <testcase classname="SSIAgroworlds.BDMPage" name="cancelApproveBuyerAndSeller" time="0.0">
    <ignored/>
  </testcase> <!-- cancelApproveBuyerAndSeller -->
  <testcase classname="SSIAgroworlds.TraderPage" name="tradehomepage" time="0.0">
    <ignored/>
  </testcase> <!-- tradehomepage -->
  <testcase classname="SSIAgroworlds.BDMPage" name="cancellationUnderBDM" time="0.0">
    <ignored/>
  </testcase> <!-- cancellationUnderBDM -->
  <testcase classname="SSIAgroworlds.DocumentIRMPage" name="cancellationUnderDocIRM" time="0.0">
    <ignored/>
  </testcase> <!-- cancellationUnderDocIRM -->
  <testcase classname="SSIAgroworlds.DocumentIRMPage" name="manageLots" time="0.0">
    <ignored/>
  </testcase> <!-- manageLots -->
  <testcase classname="SSIAgroworlds.TraderPage" name="claimSettlement" time="0.0">
    <ignored/>
  </testcase> <!-- claimSettlement -->
  <testcase classname="SSIAgroworlds.BDMPage" name="addendumTradeApprove" time="0.0">
    <ignored/>
  </testcase> <!-- addendumTradeApprove -->
  <testcase classname="SSIAgroworlds.BDMPage" name="Addendum" time="0.0">
    <ignored/>
  </testcase> <!-- Addendum -->
  <testcase classname="SSIAgroworlds.DocumentExecutivePage" name="underClaim" time="0.0">
    <ignored/>
  </testcase> <!-- underClaim -->
  <testcase classname="SSIAgroworlds.ProcurementIRMPage" name="addendumProcurementApprove" time="0.0">
    <ignored/>
  </testcase> <!-- addendumProcurementApprove -->
</testsuite> <!-- Test-1 -->
