<?xml version="1.0" encoding="UTF-8"?>
<!-- Generated by org.testng.reporters.JUnitXMLReporter -->
<testsuite ignored="3" hostname="WBOX62" failures="0" tests="5" name="Test-2" time="182.89" errors="0" timestamp="2024-07-12T10:22:35 IST">
  <testcase classname="SSIAgroworlds.DocumentIRMPage" name="DocIRMlogin" time="14.019"/>
  <testcase classname="SSIAgroworlds.DocumentIRMPage" name="createContract" time="1.876"/>
  <testcase classname="SSIAgroworlds.DocumentIRMPage" name="approvalAccept" time="66.093"/>
  <testcase classname="SSIAgroworlds.DocumentIRMPage" name="manageLots" time="17.141"/>
  <testcase classname="SSIAgroworlds.DocumentIRMPage" name="contractExecution" time="80.903"/>
  <testcase classname="SSIAgroworlds.DocumentIRMPage" name="cancellationUnderDocIRM" time="0.0">
    <ignored/>
  </testcase> <!-- cancellationUnderDocIRM -->
  <testcase classname="SSIAgroworlds.DocumentIRMPage" name="reviewClaim" time="0.0">
    <ignored/>
  </testcase> <!-- reviewClaim -->
  <testcase classname="SSIAgroworlds.DocumentIRMPage" name="generateContract" time="0.0">
    <ignored/>
  </testcase> <!-- generateContract -->
</testsuite> <!-- Test-2 -->
