<?xml version="1.0" encoding="UTF-8"?>
<!-- Generated by org.testng.reporters.JUnitXMLReporter -->
<testsuite ignored="6" hostname="WBOX62" failures="0" tests="2" name="Test-5" time="49.525" errors="0" timestamp="2024-07-12T10:10:38 IST">
  <testcase classname="SSIAgroworlds.DocumentIRMPage" name="DocIRMlogin" time="14.389"/>
  <testcase classname="SSIAgroworlds.DocumentIRMPage" name="reviewClaim" time="32.668"/>
  <testcase classname="SSIAgroworlds.DocumentIRMPage" name="approvalAccept" time="0.0">
    <ignored/>
  </testcase> <!-- approvalAccept -->
  <testcase classname="SSIAgroworlds.DocumentIRMPage" name="contractExecution" time="0.0">
    <ignored/>
  </testcase> <!-- contractExecution -->
  <testcase classname="SSIAgroworlds.DocumentIRMPage" name="generateContract" time="0.0">
    <ignored/>
  </testcase> <!-- generateContract -->
  <testcase classname="SSIAgroworlds.DocumentIRMPage" name="createContract" time="0.0">
    <ignored/>
  </testcase> <!-- createContract -->
  <testcase classname="SSIAgroworlds.DocumentIRMPage" name="manageLots" time="0.0">
    <ignored/>
  </testcase> <!-- manageLots -->
  <testcase classname="SSIAgroworlds.DocumentIRMPage" name="cancellationUnderDocIRM" time="0.0">
    <ignored/>
  </testcase> <!-- cancellationUnderDocIRM -->
</testsuite> <!-- Test-5 -->
