<?xml version="1.0" encoding="UTF-8"?>
<!-- Generated by org.testng.reporters.JUnitXMLReporter -->
<testsuite ignored="3" hostname="WBOX62" failures="0" tests="5" name="Test-1" time="43.713" errors="0" timestamp="03 Feb 2024 06:30:32 GMT">
  <testcase classname="SSIAgroworlds.TraderPage" name="traderlogin" time="2.467"/>
  <testcase classname="SSIAgroworlds.BDMPage" name="bdmlogin" time="5.131"/>
  <testcase classname="SSIAgroworlds.ProcurementIRMPage" name="procIRMlogin" time="4.727"/>
  <testcase classname="SSIAgroworlds.DocumentIRMPage" name="DocIRMlogin" time="4.744"/>
  <testcase classname="SSIAgroworlds.DocumentExecutivePage" name="DocExecutivelogin" time="4.806"/>
  <testcase classname="SSIAgroworlds.DocumentIRMPage" name="contractExecution" time="0.0">
    <ignored/>
  </testcase> <!-- contractExecution -->
  <testcase classname="SSIAgroworlds.DocumentIRMPage" name="approvalAccept" time="0.0">
    <ignored/>
  </testcase> <!-- approvalAccept -->
  <testcase classname="SSIAgroworlds.DocumentIRMPage" name="manageLots" time="0.0">
    <ignored/>
  </testcase> <!-- manageLots -->
</testsuite> <!-- Test-1 -->
