<?xml version="1.0" encoding="UTF-8"?>
<!-- Generated by org.testng.reporters.JUnitReportReporter -->
<testsuite hostname="WBOX62" failures="0" tests="8" name="SSIAgroworlds.TraderPage" time="36.325" errors="0" timestamp="2024-07-12T10:22:36 IST" skipped="0">
  <testcase classname="SSIAgroworlds.TraderPage" name="traderlogin" time="2.508"/>
  <testcase classname="SSIAgroworlds.TraderPage" name="homepage" time="7.618"/>
  <testcase classname="SSIAgroworlds.TraderPage" name="TradeDetails" time="0.975"/>
  <testcase classname="SSIAgroworlds.TraderPage" name="shipmentDetails" time="1.011"/>
  <testcase classname="SSIAgroworlds.TraderPage" name="productDetails" time="12.128"/>
  <testcase classname="SSIAgroworlds.TraderPage" name="sellerDetails" time="3.102"/>
  <testcase classname="SSIAgroworlds.TraderPage" name="buyerDetails" time="7.994"/>
  <testcase classname="SSIAgroworlds.TraderPage" name="sendReviewTrade" time="0.989"/>
</testsuite> <!-- SSIAgroworlds.TraderPage -->
