<?xml version="1.0" encoding="UTF-8"?>
<!-- Generated by org.testng.reporters.JUnitReportReporter -->
<testsuite hostname="WBOX62" failures="0" tests="2" name="SSIAgroworlds.ProcurementIRMPage" time="24.600" errors="0" timestamp="2024-07-12T10:22:36 IST" skipped="0">
  <testcase classname="SSIAgroworlds.ProcurementIRMPage" name="procIRMlogin" time="4.726"/>
  <testcase classname="SSIAgroworlds.ProcurementIRMPage" name="procurementApprove" time="19.874"/>
</testsuite> <!-- SSIAgroworlds.ProcurementIRMPage -->
