<?xml version="1.0" encoding="UTF-8"?>
<!-- Generated by org.testng.reporters.JUnitReportReporter -->
<testsuite hostname="WBOX62" failures="0" tests="5" name="SSIAgroworlds.DocumentExecutivePage" time="60.265" errors="0" timestamp="2024-07-12T10:22:36 IST" skipped="0">
  <testcase classname="SSIAgroworlds.DocumentExecutivePage" name="DocExecutivelogin" time="4.615"/>
  <testcase classname="SSIAgroworlds.DocumentExecutivePage" name="generateContract" time="7.780"/>
  <testcase classname="SSIAgroworlds.DocumentExecutivePage" name="defineStageApprove" time="24.093"/>
  <testcase classname="SSIAgroworlds.DocumentExecutivePage" name="tCdOCUMNET" time="8.369"/>
  <testcase classname="SSIAgroworlds.DocumentExecutivePage" name="contractRegistration" time="15.408"/>
</testsuite> <!-- SSIAgroworlds.DocumentExecutivePage -->
