<?xml version="1.0" encoding="UTF-8"?>
<!-- Generated by org.testng.reporters.JUnitReportReporter -->
<testsuite hostname="WBOX62" failures="0" tests="4" name="SSIAgroworlds.BDMPage" time="52.258" errors="0" timestamp="2024-07-12T10:22:36 IST" skipped="0">
  <testcase classname="SSIAgroworlds.BDMPage" name="bdmlogin" time="4.935"/>
  <testcase classname="SSIAgroworlds.BDMPage" name="bdmApprove" time="11.055"/>
  <testcase classname="SSIAgroworlds.BDMPage" name="sellerApprove" time="17.454"/>
  <testcase classname="SSIAgroworlds.BDMPage" name="buyerApprove" time="18.814"/>
</testsuite> <!-- SSIAgroworlds.BDMPage -->
