<?xml version="1.0" encoding="UTF-8"?>
<!-- Generated by org.testng.reporters.JUnitReportReporter -->
<testsuite hostname="WBOX62" failures="0" tests="8" name="SSIAgroworlds.DocumentIRMPage" time="207.020" errors="0" timestamp="2024-07-12T10:22:36 IST" skipped="0">
  <testcase classname="SSIAgroworlds.DocumentIRMPage" name="DocIRMlogin" time="13.281"/>
  <testcase classname="SSIAgroworlds.DocumentIRMPage" name="DocIRMlogin" time="14.019"/>
  <testcase classname="SSIAgroworlds.DocumentIRMPage" name="createContract" time="1.876"/>
  <testcase classname="SSIAgroworlds.DocumentIRMPage" name="createContract" time="1.499"/>
  <testcase classname="SSIAgroworlds.DocumentIRMPage" name="generateContract" time="12.208"/>
  <testcase classname="SSIAgroworlds.DocumentIRMPage" name="approvalAccept" time="66.093"/>
  <testcase classname="SSIAgroworlds.DocumentIRMPage" name="manageLots" time="17.141"/>
  <testcase classname="SSIAgroworlds.DocumentIRMPage" name="contractExecution" time="80.903"/>
</testsuite> <!-- SSIAgroworlds.DocumentIRMPage -->
