<?xml version="1.0" encoding="UTF-8"?>
<!-- Generated by org.testng.reporters.JUnitReportReporter -->
<testsuite hostname="WBOX62" failures="0" tests="1" name="SSIAgroworlds.DocumentExecutivePage" time="4.806" errors="0" timestamp="03 Feb 2024 06:31:09 GMT" skipped="0">
  <testcase classname="SSIAgroworlds.DocumentExecutivePage" name="DocExecutivelogin" time="4.806"/>
</testsuite> <!-- SSIAgroworlds.DocumentExecutivePage -->
